Started GET "/" for 127.0.0.1 at 2017-05-04 18:26:14 +0900
Processing by Rails::WelcomeController#index as HTML
  Rendering /Users/mayutti/.rbenv/versions/2.4.1/lib/ruby/gems/2.4.0/gems/railties-5.1.0/lib/rails/templates/rails/welcome/index.html.erb
  Rendered /Users/mayutti/.rbenv/versions/2.4.1/lib/ruby/gems/2.4.0/gems/railties-5.1.0/lib/rails/templates/rails/welcome/index.html.erb (8.1ms)
Completed 200 OK in 328ms (Views: 27.9ms)


Started GET "/users/index" for 127.0.0.1 at 2017-05-04 18:26:49 +0900
Processing by UsersController#index as HTML
  Rendering users/index.html.erb within layouts/application
  Rendered users/index.html.erb within layouts/application (0.5ms)
Completed 200 OK in 1266ms (Views: 1263.3ms)


Started GET "/users/show" for 127.0.0.1 at 2017-05-04 18:27:14 +0900
Processing by UsersController#show as HTML
  Rendering users/show.html.erb within layouts/application
  Rendered users/show.html.erb within layouts/application (0.7ms)
Completed 200 OK in 36ms (Views: 31.2ms)


Started GET "/users/show" for 127.0.0.1 at 2017-05-04 18:30:11 +0900
Processing by UsersController#show as HTML
  Rendering users/show.html.erb within layouts/application
  Rendered users/show.html.erb within layouts/application (0.5ms)
Completed 200 OK in 33ms (Views: 30.7ms)


Started GET "/users/show" for 127.0.0.1 at 2017-05-04 18:32:29 +0900
Processing by UsersController#show as HTML
  Rendering users/show.html.erb within layouts/application
  Rendered users/show.html.erb within layouts/application (10.6ms)
Completed 500 Internal Server Error in 19ms


  
ActionView::Template::Error (undefined method `[]' for nil:NilClass):
    1: <h1>M<%= @user[:name] %></h1>
    2: <p><%= @user[:username] %></p>
    3: <ul>
    4:   <li>Location : <%= @user[:location]%></li>
  
app/views/users/show.html.erb:1:in `_app_views_users_show_html_erb___3551922862230366050_70207423461340'
Started GET "/users/show" for 127.0.0.1 at 2017-05-04 18:35:50 +0900
Processing by UsersController#show as HTML
  Rendering users/show.html.erb within layouts/application
  Rendered users/show.html.erb within layouts/application (1.0ms)
Completed 200 OK in 44ms (Views: 40.5ms)


Started GET "/users/show" for 127.0.0.1 at 2017-05-04 18:36:26 +0900
Processing by UsersController#show as HTML
  Rendering users/show.html.erb within layouts/application
  Rendered users/show.html.erb within layouts/application (0.8ms)
Completed 200 OK in 34ms (Views: 31.5ms)


Started GET "/users/show/Aska" for 127.0.0.1 at 2017-05-04 18:37:13 +0900
  
ActionController::RoutingError (No route matches [GET] "/users/show/Aska"):
  
actionpack (5.1.0) lib/action_dispatch/middleware/debug_exceptions.rb:63:in `call'
web-console (3.5.0) lib/web_console/middleware.rb:135:in `call_app'
web-console (3.5.0) lib/web_console/middleware.rb:28:in `block in call'
web-console (3.5.0) lib/web_console/middleware.rb:18:in `catch'
web-console (3.5.0) lib/web_console/middleware.rb:18:in `call'
actionpack (5.1.0) lib/action_dispatch/middleware/show_exceptions.rb:31:in `call'
railties (5.1.0) lib/rails/rack/logger.rb:36:in `call_app'
railties (5.1.0) lib/rails/rack/logger.rb:24:in `block in call'
activesupport (5.1.0) lib/active_support/tagged_logging.rb:69:in `block in tagged'
activesupport (5.1.0) lib/active_support/tagged_logging.rb:26:in `tagged'
activesupport (5.1.0) lib/active_support/tagged_logging.rb:69:in `tagged'
railties (5.1.0) lib/rails/rack/logger.rb:24:in `call'
sprockets-rails (3.2.0) lib/sprockets/rails/quiet_assets.rb:13:in `call'
actionpack (5.1.0) lib/action_dispatch/middleware/remote_ip.rb:79:in `call'
actionpack (5.1.0) lib/action_dispatch/middleware/request_id.rb:25:in `call'
rack (2.0.1) lib/rack/method_override.rb:22:in `call'
rack (2.0.1) lib/rack/runtime.rb:22:in `call'
activesupport (5.1.0) lib/active_support/cache/strategy/local_cache_middleware.rb:27:in `call'
actionpack (5.1.0) lib/action_dispatch/middleware/executor.rb:12:in `call'
actionpack (5.1.0) lib/action_dispatch/middleware/static.rb:125:in `call'
rack (2.0.1) lib/rack/sendfile.rb:111:in `call'
railties (5.1.0) lib/rails/engine.rb:522:in `call'
puma (3.8.2) lib/puma/configuration.rb:224:in `call'
puma (3.8.2) lib/puma/server.rb:600:in `handle_request'
puma (3.8.2) lib/puma/server.rb:435:in `process_client'
puma (3.8.2) lib/puma/server.rb:299:in `block in run'
puma (3.8.2) lib/puma/thread_pool.rb:120:in `block in spawn_thread'
Started GET "/users/show/Aska" for 127.0.0.1 at 2017-05-04 18:39:00 +0900
  
ArgumentError (Missing :action key on routes definition, please check your routes.):
  
config/routes.rb:4:in `block in <top (required)>'
config/routes.rb:1:in `<top (required)>'
Started GET "/users/show/Aska" for 127.0.0.1 at 2017-05-04 18:40:16 +0900
Processing by UsersController#show as HTML
  Parameters: {"username"=>"Aska"}
  Rendering users/show.html.erb within layouts/application
  Rendered users/show.html.erb within layouts/application (0.7ms)
Completed 200 OK in 36ms (Views: 32.4ms)


Started GET "/users/show/aska" for 127.0.0.1 at 2017-05-04 18:47:19 +0900
  
SyntaxError (/Users/mayutti/mytwitter/app/controllers/users_controller.rb:19: syntax error, unexpected end-of-input, expecting keyword_end):
  
app/controllers/users_controller.rb:19: syntax error, unexpected end-of-input, expecting keyword_end
Started GET "/users/show/mayutti" for 127.0.0.1 at 2017-05-04 18:47:30 +0900
  
SyntaxError (/Users/mayutti/mytwitter/app/controllers/users_controller.rb:19: syntax error, unexpected end-of-input, expecting keyword_end):
  
app/controllers/users_controller.rb:19: syntax error, unexpected end-of-input, expecting keyword_end
Started GET "/users/show/mayutti" for 127.0.0.1 at 2017-05-04 18:48:01 +0900
  
SyntaxError (/Users/mayutti/mytwitter/app/controllers/users_controller.rb:19: syntax error, unexpected end-of-input, expecting keyword_end):
  
app/controllers/users_controller.rb:19: syntax error, unexpected end-of-input, expecting keyword_end
Started GET "/users/show/mayutti" for 127.0.0.1 at 2017-05-04 18:49:45 +0900
  
SyntaxError (/Users/mayutti/mytwitter/app/controllers/users_controller.rb:18: syntax error, unexpected end-of-input, expecting keyword_end):
  
app/controllers/users_controller.rb:18: syntax error, unexpected end-of-input, expecting keyword_end
Started GET "/users/show/mayutti" for 127.0.0.1 at 2017-05-04 18:50:56 +0900
  
SyntaxError (/Users/mayutti/mytwitter/app/controllers/users_controller.rb:18: syntax error, unexpected end-of-input, expecting keyword_end):
  
app/controllers/users_controller.rb:18: syntax error, unexpected end-of-input, expecting keyword_end
Started GET "/users/show/mayutti" for 127.0.0.1 at 2017-05-04 18:55:39 +0900
  
SyntaxError (/Users/mayutti/mytwitter/app/controllers/users_controller.rb:18: syntax error, unexpected end-of-input, expecting keyword_end):
  
app/controllers/users_controller.rb:18: syntax error, unexpected end-of-input, expecting keyword_end
Started GET "/users/show/aska" for 127.0.0.1 at 2017-05-04 18:55:45 +0900
  
SyntaxError (/Users/mayutti/mytwitter/app/controllers/users_controller.rb:18: syntax error, unexpected end-of-input, expecting keyword_end):
  
app/controllers/users_controller.rb:18: syntax error, unexpected end-of-input, expecting keyword_end
Started GET "/users/show/aska" for 127.0.0.1 at 2017-05-04 18:55:47 +0900
  
SyntaxError (/Users/mayutti/mytwitter/app/controllers/users_controller.rb:18: syntax error, unexpected end-of-input, expecting keyword_end):
  
app/controllers/users_controller.rb:18: syntax error, unexpected end-of-input, expecting keyword_end
Started GET "/users/show/mayutti" for 127.0.0.1 at 2017-05-04 18:57:44 +0900
  
SyntaxError (/Users/mayutti/mytwitter/app/controllers/users_controller.rb:13: syntax error, unexpected end-of-input, expecting keyword_end):
  
app/controllers/users_controller.rb:13: syntax error, unexpected end-of-input, expecting keyword_end
Started GET "/users/show/mayutti" for 127.0.0.1 at 2017-05-04 18:57:45 +0900
  
SyntaxError (/Users/mayutti/mytwitter/app/controllers/users_controller.rb:13: syntax error, unexpected end-of-input, expecting keyword_end):
  
app/controllers/users_controller.rb:13: syntax error, unexpected end-of-input, expecting keyword_end
Started GET "/users/show" for 127.0.0.1 at 2017-05-04 18:57:51 +0900
  
ActionController::RoutingError (No route matches [GET] "/users/show"):
  
actionpack (5.1.0) lib/action_dispatch/middleware/debug_exceptions.rb:63:in `call'
web-console (3.5.0) lib/web_console/middleware.rb:135:in `call_app'
web-console (3.5.0) lib/web_console/middleware.rb:28:in `block in call'
web-console (3.5.0) lib/web_console/middleware.rb:18:in `catch'
web-console (3.5.0) lib/web_console/middleware.rb:18:in `call'
actionpack (5.1.0) lib/action_dispatch/middleware/show_exceptions.rb:31:in `call'
railties (5.1.0) lib/rails/rack/logger.rb:36:in `call_app'
railties (5.1.0) lib/rails/rack/logger.rb:24:in `block in call'
activesupport (5.1.0) lib/active_support/tagged_logging.rb:69:in `block in tagged'
activesupport (5.1.0) lib/active_support/tagged_logging.rb:26:in `tagged'
activesupport (5.1.0) lib/active_support/tagged_logging.rb:69:in `tagged'
railties (5.1.0) lib/rails/rack/logger.rb:24:in `call'
sprockets-rails (3.2.0) lib/sprockets/rails/quiet_assets.rb:13:in `call'
actionpack (5.1.0) lib/action_dispatch/middleware/remote_ip.rb:79:in `call'
actionpack (5.1.0) lib/action_dispatch/middleware/request_id.rb:25:in `call'
rack (2.0.1) lib/rack/method_override.rb:22:in `call'
rack (2.0.1) lib/rack/runtime.rb:22:in `call'
activesupport (5.1.0) lib/active_support/cache/strategy/local_cache_middleware.rb:27:in `call'
actionpack (5.1.0) lib/action_dispatch/middleware/executor.rb:12:in `call'
actionpack (5.1.0) lib/action_dispatch/middleware/static.rb:125:in `call'
rack (2.0.1) lib/rack/sendfile.rb:111:in `call'
railties (5.1.0) lib/rails/engine.rb:522:in `call'
puma (3.8.2) lib/puma/configuration.rb:224:in `call'
puma (3.8.2) lib/puma/server.rb:600:in `handle_request'
puma (3.8.2) lib/puma/server.rb:435:in `process_client'
puma (3.8.2) lib/puma/server.rb:299:in `block in run'
puma (3.8.2) lib/puma/thread_pool.rb:120:in `block in spawn_thread'
Started GET "/users/show" for 127.0.0.1 at 2017-05-04 18:57:51 +0900
  
ActionController::RoutingError (No route matches [GET] "/users/show"):
  
actionpack (5.1.0) lib/action_dispatch/middleware/debug_exceptions.rb:63:in `call'
web-console (3.5.0) lib/web_console/middleware.rb:135:in `call_app'
web-console (3.5.0) lib/web_console/middleware.rb:28:in `block in call'
web-console (3.5.0) lib/web_console/middleware.rb:18:in `catch'
web-console (3.5.0) lib/web_console/middleware.rb:18:in `call'
actionpack (5.1.0) lib/action_dispatch/middleware/show_exceptions.rb:31:in `call'
railties (5.1.0) lib/rails/rack/logger.rb:36:in `call_app'
railties (5.1.0) lib/rails/rack/logger.rb:24:in `block in call'
activesupport (5.1.0) lib/active_support/tagged_logging.rb:69:in `block in tagged'
activesupport (5.1.0) lib/active_support/tagged_logging.rb:26:in `tagged'
activesupport (5.1.0) lib/active_support/tagged_logging.rb:69:in `tagged'
railties (5.1.0) lib/rails/rack/logger.rb:24:in `call'
sprockets-rails (3.2.0) lib/sprockets/rails/quiet_assets.rb:13:in `call'
actionpack (5.1.0) lib/action_dispatch/middleware/remote_ip.rb:79:in `call'
actionpack (5.1.0) lib/action_dispatch/middleware/request_id.rb:25:in `call'
rack (2.0.1) lib/rack/method_override.rb:22:in `call'
rack (2.0.1) lib/rack/runtime.rb:22:in `call'
activesupport (5.1.0) lib/active_support/cache/strategy/local_cache_middleware.rb:27:in `call'
actionpack (5.1.0) lib/action_dispatch/middleware/executor.rb:12:in `call'
actionpack (5.1.0) lib/action_dispatch/middleware/static.rb:125:in `call'
rack (2.0.1) lib/rack/sendfile.rb:111:in `call'
railties (5.1.0) lib/rails/engine.rb:522:in `call'
puma (3.8.2) lib/puma/configuration.rb:224:in `call'
puma (3.8.2) lib/puma/server.rb:600:in `handle_request'
puma (3.8.2) lib/puma/server.rb:435:in `process_client'
puma (3.8.2) lib/puma/server.rb:299:in `block in run'
puma (3.8.2) lib/puma/thread_pool.rb:120:in `block in spawn_thread'
Started GET "/users/show/mayutti" for 127.0.0.1 at 2017-05-04 18:59:12 +0900
  
SyntaxError (/Users/mayutti/mytwitter/app/controllers/users_controller.rb:11: syntax error, unexpected end-of-input, expecting keyword_end):
  
app/controllers/users_controller.rb:11: syntax error, unexpected end-of-input, expecting keyword_end
Started GET "/users/show/mayutti" for 127.0.0.1 at 2017-05-04 18:59:14 +0900
  
SyntaxError (/Users/mayutti/mytwitter/app/controllers/users_controller.rb:11: syntax error, unexpected end-of-input, expecting keyword_end):
  
app/controllers/users_controller.rb:11: syntax error, unexpected end-of-input, expecting keyword_end
Started GET "/users/show/mayutti" for 127.0.0.1 at 2017-05-04 19:00:01 +0900
  
SyntaxError (/Users/mayutti/mytwitter/app/controllers/users_controller.rb:11: syntax error, unexpected end-of-input, expecting keyword_end
  end
     ^):
  
app/controllers/users_controller.rb:11: syntax error, unexpected end-of-input, expecting keyword_end
Started GET "/users/show/mayutti" for 127.0.0.1 at 2017-05-04 19:02:07 +0900
Processing by UsersController#show as HTML
  Parameters: {"username"=>"mayutti"}
  Rendering users/show.html.erb within layouts/application
  Rendered users/show.html.erb within layouts/application (0.9ms)
Completed 200 OK in 38ms (Views: 34.5ms)


Started GET "/users/show/aska" for 127.0.0.1 at 2017-05-04 19:02:14 +0900
Processing by UsersController#show as HTML
  Parameters: {"username"=>"aska"}
  Rendering users/show.html.erb within layouts/application
  Rendered users/show.html.erb within layouts/application (0.9ms)
Completed 200 OK in 38ms (Views: 34.8ms)


Started GET "/users/show/aska" for 127.0.0.1 at 2017-05-04 19:02:14 +0900
Processing by UsersController#show as HTML
  Parameters: {"username"=>"aska"}
  Rendering users/show.html.erb within layouts/application
  Rendered users/show.html.erb within layouts/application (0.8ms)
Completed 200 OK in 45ms (Views: 42.3ms)


  [1m[35m (0.1ms)[0m  [1m[34mSELECT sqlite_version(*)[0m
  [1m[35m (1.4ms)[0m  [1m[35mCREATE TABLE "schema_migrations" ("version" varchar NOT NULL PRIMARY KEY)[0m
  [1m[35m (1.4ms)[0m  [1m[35mCREATE TABLE "ar_internal_metadata" ("key" varchar NOT NULL PRIMARY KEY, "value" varchar, "created_at" datetime NOT NULL, "updated_at" datetime NOT NULL)[0m
  [1m[35m (0.2ms)[0m  [1m[34mSELECT "schema_migrations"."version" FROM "schema_migrations" ORDER BY "schema_migrations"."version" ASC[0m
Migrating to CreateUsers (20170504101003)
  [1m[35m (0.1ms)[0m  [1m[36mbegin transaction[0m
  [1m[35m (0.6ms)[0m  [1m[35mCREATE TABLE "users" ("id" INTEGER PRIMARY KEY AUTOINCREMENT NOT NULL, "name" varchar, "username" varchar, "location" varchar, "about" text, "created_at" datetime NOT NULL, "updated_at" datetime NOT NULL)[0m
  [1m[35mSQL (0.3ms)[0m  [1m[32mINSERT INTO "schema_migrations" ("version") VALUES (?)[0m  [["version", "20170504101003"]]
  [1m[35m (1.0ms)[0m  [1m[36mcommit transaction[0m
  [1m[36mActiveRecord::InternalMetadata Load (0.2ms)[0m  [1m[34mSELECT  "ar_internal_metadata".* FROM "ar_internal_metadata" WHERE "ar_internal_metadata"."key" = ? LIMIT ?[0m  [["key", "environment"], ["LIMIT", 1]]
  [1m[35m (0.1ms)[0m  [1m[36mbegin transaction[0m
  [1m[35mSQL (0.4ms)[0m  [1m[32mINSERT INTO "ar_internal_metadata" ("key", "value", "created_at", "updated_at") VALUES (?, ?, ?, ?)[0m  [["key", "environment"], ["value", "development"], ["created_at", "2017-05-04 10:11:13.231861"], ["updated_at", "2017-05-04 10:11:13.231861"]]
  [1m[35m (0.9ms)[0m  [1m[36mcommit transaction[0m
  [1m[35m (0.2ms)[0m  [1m[34mSELECT "schema_migrations"."version" FROM "schema_migrations" ORDER BY "schema_migrations"."version" ASC[0m
  [1m[35m (0.3ms)[0m  [1m[34mSELECT "schema_migrations"."version" FROM "schema_migrations" ORDER BY "schema_migrations"."version" ASC[0m
  [1m[35m (0.1ms)[0m  [1m[36mbegin transaction[0m
  [1m[35mSQL (1.0ms)[0m  [1m[32mINSERT INTO "users" ("name", "username", "location", "about", "created_at", "updated_at") VALUES (?, ?, ?, ?, ?, ?)[0m  [["name", "Mayuzumi Tadahisa"], ["username", "mayutti"], ["location", "Tochigi, Japan"], ["about", "Hi! This is mayutti!"], ["created_at", "2017-05-04 10:14:31.908698"], ["updated_at", "2017-05-04 10:14:31.908698"]]
  [1m[35m (1.4ms)[0m  [1m[36mcommit transaction[0m
  [1m[35m (0.2ms)[0m  [1m[36mbegin transaction[0m
  [1m[35mSQL (0.6ms)[0m  [1m[32mINSERT INTO "users" ("name", "username", "location", "about", "created_at", "updated_at") VALUES (?, ?, ?, ?, ?, ?)[0m  [["name", "Mayuzumi Asuka"], ["username", "aska"], ["location", "Tochigi, Japan"], ["about", "Hello!!"], ["created_at", "2017-05-04 10:14:31.913496"], ["updated_at", "2017-05-04 10:14:31.913496"]]
  [1m[35m (1.1ms)[0m  [1m[36mcommit transaction[0m
Started GET "/users/show/mayutti" for 127.0.0.1 at 2017-05-04 19:21:04 +0900
  [1m[35m (0.8ms)[0m  [1m[34mSELECT "schema_migrations"."version" FROM "schema_migrations" ORDER BY "schema_migrations"."version" ASC[0m
Processing by UsersController#show as HTML
  Parameters: {"username"=>"mayutti"}
  [1m[36mUser Load (1.1ms)[0m  [1m[34mSELECT  "users".* FROM "users" WHERE "users"."username" = ? LIMIT ?[0m  [["username", "mayutti"], ["LIMIT", 1]]
  Rendering users/show.html.erb within layouts/application
  Rendered users/show.html.erb within layouts/application (2.4ms)
Completed 200 OK in 495ms (Views: 442.5ms | ActiveRecord: 2.4ms)


Started GET "/users/show/mayutti" for 127.0.0.1 at 2017-05-04 21:21:04 +0900
Processing by UsersController#show as HTML
  Parameters: {"username"=>"mayutti"}
Completed 500 Internal Server Error in 257ms


  
NameError (undefined local variable or method `user' for #<UsersController:0x007fca2df17a08>):
  
app/controllers/users_controller.rb:6:in `show'
Started GET "/users/show/mayutti" for 127.0.0.1 at 2017-05-04 21:22:25 +0900
Processing by UsersController#show as HTML
  Parameters: {"username"=>"mayutti"}
  [1m[36mUser Load (1.0ms)[0m  [1m[34mSELECT  "users".* FROM "users" WHERE "users"."username" = ? LIMIT ?[0m  [["username", "mayutti"], ["LIMIT", 1]]
  Rendering users/show.html.erb within layouts/application
  Rendered users/show.html.erb within layouts/application (1.5ms)
Completed 200 OK in 120ms (Views: 70.0ms | ActiveRecord: 2.3ms)


Started GET "/users/show/aska" for 127.0.0.1 at 2017-05-04 21:22:31 +0900
Processing by UsersController#show as HTML
  Parameters: {"username"=>"aska"}
  [1m[36mUser Load (0.2ms)[0m  [1m[34mSELECT  "users".* FROM "users" WHERE "users"."username" = ? LIMIT ?[0m  [["username", "aska"], ["LIMIT", 1]]
  Rendering users/show.html.erb within layouts/application
  Rendered users/show.html.erb within layouts/application (1.4ms)
Completed 200 OK in 40ms (Views: 36.2ms | ActiveRecord: 0.2ms)


Started GET "/users/show/aska" for 127.0.0.1 at 2017-05-04 21:22:31 +0900
Processing by UsersController#show as HTML
  Parameters: {"username"=>"aska"}
  [1m[36mUser Load (0.2ms)[0m  [1m[34mSELECT  "users".* FROM "users" WHERE "users"."username" = ? LIMIT ?[0m  [["username", "aska"], ["LIMIT", 1]]
  Rendering users/show.html.erb within layouts/application
  Rendered users/show.html.erb within layouts/application (1.3ms)
Completed 200 OK in 65ms (Views: 57.9ms | ActiveRecord: 0.2ms)


  [1m[35m (0.7ms)[0m  [1m[34mSELECT "schema_migrations"."version" FROM "schema_migrations" ORDER BY "schema_migrations"."version" ASC[0m
Migrating to CreateTweets (20170504122344)
  [1m[35m (0.1ms)[0m  [1m[36mbegin transaction[0m
  [1m[35m (0.2ms)[0m  [1m[34mSELECT sqlite_version(*)[0m
  [1m[35m (0.5ms)[0m  [1m[35mCREATE TABLE "tweets" ("id" INTEGER PRIMARY KEY AUTOINCREMENT NOT NULL, "title" varchar, "content" text, "created_at" datetime NOT NULL, "updated_at" datetime NOT NULL)[0m
  [1m[35mSQL (0.6ms)[0m  [1m[32mINSERT INTO "schema_migrations" ("version") VALUES (?)[0m  [["version", "20170504122344"]]
  [1m[35m (4.4ms)[0m  [1m[36mcommit transaction[0m
  [1m[36mActiveRecord::InternalMetadata Load (0.9ms)[0m  [1m[34mSELECT  "ar_internal_metadata".* FROM "ar_internal_metadata" WHERE "ar_internal_metadata"."key" = ? LIMIT ?[0m  [["key", "environment"], ["LIMIT", 1]]
  [1m[35m (0.1ms)[0m  [1m[36mbegin transaction[0m
  [1m[35m (0.1ms)[0m  [1m[36mcommit transaction[0m
  [1m[35m (0.2ms)[0m  [1m[34mSELECT "schema_migrations"."version" FROM "schema_migrations" ORDER BY "schema_migrations"."version" ASC[0m
Started GET "/tweets/new" for 127.0.0.1 at 2017-05-04 21:26:53 +0900
  [1m[35m (0.3ms)[0m  [1m[34mSELECT "schema_migrations"."version" FROM "schema_migrations" ORDER BY "schema_migrations"."version" ASC[0m
  
ActionController::RoutingError (No route matches [GET] "/tweets/new"):
  
actionpack (5.1.0) lib/action_dispatch/middleware/debug_exceptions.rb:63:in `call'
web-console (3.5.0) lib/web_console/middleware.rb:135:in `call_app'
web-console (3.5.0) lib/web_console/middleware.rb:28:in `block in call'
web-console (3.5.0) lib/web_console/middleware.rb:18:in `catch'
web-console (3.5.0) lib/web_console/middleware.rb:18:in `call'
actionpack (5.1.0) lib/action_dispatch/middleware/show_exceptions.rb:31:in `call'
railties (5.1.0) lib/rails/rack/logger.rb:36:in `call_app'
railties (5.1.0) lib/rails/rack/logger.rb:24:in `block in call'
activesupport (5.1.0) lib/active_support/tagged_logging.rb:69:in `block in tagged'
activesupport (5.1.0) lib/active_support/tagged_logging.rb:26:in `tagged'
activesupport (5.1.0) lib/active_support/tagged_logging.rb:69:in `tagged'
railties (5.1.0) lib/rails/rack/logger.rb:24:in `call'
sprockets-rails (3.2.0) lib/sprockets/rails/quiet_assets.rb:13:in `call'
actionpack (5.1.0) lib/action_dispatch/middleware/remote_ip.rb:79:in `call'
actionpack (5.1.0) lib/action_dispatch/middleware/request_id.rb:25:in `call'
rack (2.0.1) lib/rack/method_override.rb:22:in `call'
rack (2.0.1) lib/rack/runtime.rb:22:in `call'
activesupport (5.1.0) lib/active_support/cache/strategy/local_cache_middleware.rb:27:in `call'
actionpack (5.1.0) lib/action_dispatch/middleware/executor.rb:12:in `call'
actionpack (5.1.0) lib/action_dispatch/middleware/static.rb:125:in `call'
rack (2.0.1) lib/rack/sendfile.rb:111:in `call'
railties (5.1.0) lib/rails/engine.rb:522:in `call'
puma (3.8.2) lib/puma/configuration.rb:224:in `call'
puma (3.8.2) lib/puma/server.rb:600:in `handle_request'
puma (3.8.2) lib/puma/server.rb:435:in `process_client'
puma (3.8.2) lib/puma/server.rb:299:in `block in run'
puma (3.8.2) lib/puma/thread_pool.rb:120:in `block in spawn_thread'
Started GET "/tweets/new" for 127.0.0.1 at 2017-05-04 21:28:44 +0900
  [1m[35m (0.2ms)[0m  [1m[34mSELECT "schema_migrations"."version" FROM "schema_migrations" ORDER BY "schema_migrations"."version" ASC[0m
Processing by TweetsController#new as HTML
  Rendering tweets/new.html.erb within layouts/application
  Rendered tweets/new.html.erb within layouts/application (2.3ms)
Completed 200 OK in 631ms (Views: 619.2ms | ActiveRecord: 0.0ms)


Started GET "/tweets/new" for 127.0.0.1 at 2017-05-04 21:32:37 +0900
Processing by TweetsController#new as HTML
  Rendering tweets/new.html.erb within layouts/application
  Rendered tweets/new.html.erb within layouts/application (164.5ms)
Completed 500 Internal Server Error in 174ms (ActiveRecord: 0.8ms)


  
ActionView::Template::Error (undefined method `tweets_path' for #<#<Class:0x007fa8daf34c08>:0x007fa8def57ce0>
Did you mean?  tweets_new_path):
    1: <%= form_for Tweet.new do |f| %>
    2:   <%= f.label :title %>
    3:   <%= f.text_field :title %>
    4:   <%= f.label :content %>
  
app/views/tweets/new.html.erb:1:in `_app_views_tweets_new_html_erb___2920121197773260655_70181612020240'
Started GET "/tweets/new" for 127.0.0.1 at 2017-05-04 21:35:23 +0900
Processing by TweetsController#new as HTML
  Rendering tweets/new.html.erb within layouts/application
  Rendered tweets/new.html.erb within layouts/application (156.1ms)
Completed 500 Internal Server Error in 167ms (ActiveRecord: 1.4ms)


  
ActionView::Template::Error (undefined method `tweets_path' for #<#<Class:0x007fa8dbe284f8>:0x007fa8def3e8a8>
Did you mean?  tweets_new_path):
    1: <%= form_for Tweet.new do |f| %>
    2:   <%= f.label :title %>
    3:   <%= f.text_field :title %>
    4:   <%= f.label :content %>
  
app/views/tweets/new.html.erb:1:in `_app_views_tweets_new_html_erb___2920121197773260655_70181610145480'
Started GET "/tweets/new" for 127.0.0.1 at 2017-05-04 21:36:18 +0900
Processing by TweetsController#new as HTML
  Rendering tweets/new.html.erb within layouts/application
  Rendered tweets/new.html.erb within layouts/application (191.2ms)
Completed 500 Internal Server Error in 202ms (ActiveRecord: 1.1ms)


  
ActionView::Template::Error (undefined method `tweets_path' for #<#<Class:0x007fa8de5331d8>:0x007fa8de582e40>
Did you mean?  tweets_new_path):
    1: <%= form_for Tweet.new do |f| %>
    2:   <%= f.label :title %>
    3:   <%= f.text_field :title %>
    4:   <%= f.label :content %>
  
app/views/tweets/new.html.erb:1:in `_app_views_tweets_new_html_erb___2920121197773260655_70181630641180'
Started GET "/tweets/new" for 127.0.0.1 at 2017-05-04 21:39:21 +0900
Processing by TweetsController#new as HTML
  Rendering tweets/new.html.erb within layouts/application
  Rendered tweets/new.html.erb within layouts/application (84.8ms)
Completed 200 OK in 126ms (Views: 123.0ms | ActiveRecord: 1.0ms)


Started POST "/tweets" for 127.0.0.1 at 2017-05-04 21:40:09 +0900
  
AbstractController::ActionNotFound (The action 'create' could not be found for TweetsController):
  
actionpack (5.1.0) lib/abstract_controller/base.rb:119:in `process'
actionview (5.1.0) lib/action_view/rendering.rb:30:in `process'
actionpack (5.1.0) lib/action_controller/metal.rb:189:in `dispatch'
actionpack (5.1.0) lib/action_controller/metal.rb:253:in `dispatch'
actionpack (5.1.0) lib/action_dispatch/routing/route_set.rb:49:in `dispatch'
actionpack (5.1.0) lib/action_dispatch/routing/route_set.rb:31:in `serve'
actionpack (5.1.0) lib/action_dispatch/journey/router.rb:46:in `block in serve'
actionpack (5.1.0) lib/action_dispatch/journey/router.rb:33:in `each'
actionpack (5.1.0) lib/action_dispatch/journey/router.rb:33:in `serve'
actionpack (5.1.0) lib/action_dispatch/routing/route_set.rb:832:in `call'
rack (2.0.1) lib/rack/etag.rb:25:in `call'
rack (2.0.1) lib/rack/conditional_get.rb:38:in `call'
rack (2.0.1) lib/rack/head.rb:12:in `call'
rack (2.0.1) lib/rack/session/abstract/id.rb:222:in `context'
rack (2.0.1) lib/rack/session/abstract/id.rb:216:in `call'
actionpack (5.1.0) lib/action_dispatch/middleware/cookies.rb:613:in `call'
activerecord (5.1.0) lib/active_record/migration.rb:556:in `call'
actionpack (5.1.0) lib/action_dispatch/middleware/callbacks.rb:26:in `block in call'
activesupport (5.1.0) lib/active_support/callbacks.rb:97:in `run_callbacks'
actionpack (5.1.0) lib/action_dispatch/middleware/callbacks.rb:24:in `call'
actionpack (5.1.0) lib/action_dispatch/middleware/executor.rb:12:in `call'
actionpack (5.1.0) lib/action_dispatch/middleware/debug_exceptions.rb:59:in `call'
web-console (3.5.0) lib/web_console/middleware.rb:135:in `call_app'
web-console (3.5.0) lib/web_console/middleware.rb:28:in `block in call'
web-console (3.5.0) lib/web_console/middleware.rb:18:in `catch'
web-console (3.5.0) lib/web_console/middleware.rb:18:in `call'
actionpack (5.1.0) lib/action_dispatch/middleware/show_exceptions.rb:31:in `call'
railties (5.1.0) lib/rails/rack/logger.rb:36:in `call_app'
railties (5.1.0) lib/rails/rack/logger.rb:24:in `block in call'
activesupport (5.1.0) lib/active_support/tagged_logging.rb:69:in `block in tagged'
activesupport (5.1.0) lib/active_support/tagged_logging.rb:26:in `tagged'
activesupport (5.1.0) lib/active_support/tagged_logging.rb:69:in `tagged'
railties (5.1.0) lib/rails/rack/logger.rb:24:in `call'
sprockets-rails (3.2.0) lib/sprockets/rails/quiet_assets.rb:13:in `call'
actionpack (5.1.0) lib/action_dispatch/middleware/remote_ip.rb:79:in `call'
actionpack (5.1.0) lib/action_dispatch/middleware/request_id.rb:25:in `call'
rack (2.0.1) lib/rack/method_override.rb:22:in `call'
rack (2.0.1) lib/rack/runtime.rb:22:in `call'
activesupport (5.1.0) lib/active_support/cache/strategy/local_cache_middleware.rb:27:in `call'
actionpack (5.1.0) lib/action_dispatch/middleware/executor.rb:12:in `call'
actionpack (5.1.0) lib/action_dispatch/middleware/static.rb:125:in `call'
rack (2.0.1) lib/rack/sendfile.rb:111:in `call'
railties (5.1.0) lib/rails/engine.rb:522:in `call'
puma (3.8.2) lib/puma/configuration.rb:224:in `call'
puma (3.8.2) lib/puma/server.rb:600:in `handle_request'
puma (3.8.2) lib/puma/server.rb:435:in `process_client'
puma (3.8.2) lib/puma/server.rb:299:in `block in run'
puma (3.8.2) lib/puma/thread_pool.rb:120:in `block in spawn_thread'
Started POST "/tweets" for 127.0.0.1 at 2017-05-04 21:44:31 +0900
Processing by TweetsController#create as HTML
  Parameters: {"utf8"=>"✓", "authenticity_token"=>"dlMU1xZqB3O6x8JV3uX6h4JHKkbvfkb41vg/JcSuhsirw8JeACGdic89LazSnWiMg9TFE/hQXGqZM1SBJy62qw==", "tweet"=>{"title"=>"This is my First Tweet!", "content"=>"awesome!! :)"}, "commit"=>"Create Tweet"}
  [1m[35m (0.1ms)[0m  [1m[36mbegin transaction[0m
  [1m[35mSQL (1.7ms)[0m  [1m[32mINSERT INTO "tweets" ("title", "content", "created_at", "updated_at") VALUES (?, ?, ?, ?)[0m  [["title", "This is my First Tweet!"], ["content", "awesome!! :)"], ["created_at", "2017-05-04 12:44:31.107754"], ["updated_at", "2017-05-04 12:44:31.107754"]]
  [1m[35m (3.2ms)[0m  [1m[36mcommit transaction[0m
No template found for TweetsController#create, rendering head :no_content
Completed 204 No Content in 97ms (ActiveRecord: 6.2ms)


Started GET "/tweets/new" for 127.0.0.1 at 2017-05-04 21:44:42 +0900
Processing by TweetsController#new as HTML
  Rendering tweets/new.html.erb within layouts/application
  Rendered tweets/new.html.erb within layouts/application (3.1ms)
Completed 200 OK in 54ms (Views: 50.5ms | ActiveRecord: 0.0ms)


Started GET "/tweets/new" for 127.0.0.1 at 2017-05-04 21:44:43 +0900
Processing by TweetsController#new as HTML
  Rendering tweets/new.html.erb within layouts/application
  Rendered tweets/new.html.erb within layouts/application (2.8ms)
Completed 200 OK in 40ms (Views: 36.5ms | ActiveRecord: 0.0ms)


Started POST "/tweets" for 127.0.0.1 at 2017-05-04 21:45:27 +0900
Processing by TweetsController#create as HTML
  Parameters: {"utf8"=>"✓", "authenticity_token"=>"kvckPkmigS9UqD89gu/tuc6kO9+dkN2/jmzqPIHZy1lPZ/K3X+kb1SFS0MSOl3+yzzfUioq+xy3Bp4GYYln7Og==", "tweet"=>{"title"=>"my First tweet!", "content"=>"this is awesome ! :)"}, "commit"=>"Create Tweet"}
  [1m[35m (0.1ms)[0m  [1m[36mbegin transaction[0m
  [1m[35mSQL (0.4ms)[0m  [1m[32mINSERT INTO "tweets" ("title", "content", "created_at", "updated_at") VALUES (?, ?, ?, ?)[0m  [["title", "my First tweet!"], ["content", "this is awesome ! :)"], ["created_at", "2017-05-04 12:45:27.035439"], ["updated_at", "2017-05-04 12:45:27.035439"]]
  [1m[35m (1.0ms)[0m  [1m[36mcommit transaction[0m
No template found for TweetsController#create, rendering head :no_content
Completed 204 No Content in 81ms (ActiveRecord: 1.5ms)


Started GET "/tweets/index" for 127.0.0.1 at 2017-05-04 21:46:43 +0900
Processing by TweetsController#index as HTML
  Rendering tweets/index.html.erb within layouts/application
  Rendered tweets/index.html.erb within layouts/application (0.4ms)
Completed 200 OK in 40ms (Views: 36.5ms | ActiveRecord: 0.0ms)


Started GET "/tweets/new" for 127.0.0.1 at 2017-05-04 21:46:49 +0900
Processing by TweetsController#new as HTML
  Rendering tweets/new.html.erb within layouts/application
  Rendered tweets/new.html.erb within layouts/application (2.4ms)
Completed 200 OK in 33ms (Views: 30.3ms | ActiveRecord: 0.0ms)


Started GET "/tweets/new" for 127.0.0.1 at 2017-05-04 21:46:50 +0900
Processing by TweetsController#new as HTML
  Rendering tweets/new.html.erb within layouts/application
  Rendered tweets/new.html.erb within layouts/application (2.8ms)
Completed 200 OK in 55ms (Views: 49.2ms | ActiveRecord: 0.0ms)


Started POST "/tweets" for 127.0.0.1 at 2017-05-04 21:47:08 +0900
Processing by TweetsController#create as HTML
  Parameters: {"utf8"=>"✓", "authenticity_token"=>"VDTjt7zUWL3qIel90ZI/kZ9oYskgzG1ny6dWAYkfeEyJpDU+qp/CR5/bBoTd6q2anvuNnDfid/WEbD2lap9ILw==", "tweet"=>{"title"=>"yeah!", "content"=>"wow wow"}, "commit"=>"Create Tweet"}
  [1m[35m (0.1ms)[0m  [1m[36mbegin transaction[0m
  [1m[35mSQL (0.4ms)[0m  [1m[32mINSERT INTO "tweets" ("title", "content", "created_at", "updated_at") VALUES (?, ?, ?, ?)[0m  [["title", "yeah!"], ["content", "wow wow"], ["created_at", "2017-05-04 12:47:08.886943"], ["updated_at", "2017-05-04 12:47:08.886943"]]
  [1m[35m (2.4ms)[0m  [1m[36mcommit transaction[0m
No template found for TweetsController#create, rendering head :no_content
Completed 204 No Content in 74ms (ActiveRecord: 2.9ms)


Started GET "/tweets/new" for 127.0.0.1 at 2017-05-04 21:48:32 +0900
Processing by TweetsController#new as HTML
  Rendering tweets/new.html.erb within layouts/application
  Rendered tweets/new.html.erb within layouts/application (18.1ms)
Completed 200 OK in 51ms (Views: 48.6ms | ActiveRecord: 1.3ms)


Started POST "/tweets" for 127.0.0.1 at 2017-05-04 21:48:44 +0900
Processing by TweetsController#create as HTML
  Parameters: {"utf8"=>"✓", "authenticity_token"=>"OHfIqq5t32VS+Np9ODzplLS2J2+l/wrVrBl2lClCha/l5x4juCZFnycCNYQ0RHuftSXIOrLREEfj0h0wysK1zA==", "tweet"=>{"title"=>"test", "content"=>"ok?"}, "commit"=>"Create Tweet"}
  [1m[35m (0.1ms)[0m  [1m[36mbegin transaction[0m
  [1m[35mSQL (0.5ms)[0m  [1m[32mINSERT INTO "tweets" ("title", "content", "created_at", "updated_at") VALUES (?, ?, ?, ?)[0m  [["title", "test"], ["content", "ok?"], ["created_at", "2017-05-04 12:48:44.354342"], ["updated_at", "2017-05-04 12:48:44.354342"]]
  [1m[35m (2.4ms)[0m  [1m[36mcommit transaction[0m
Redirected to http://localhost:3000/tweets/index
Completed 302 Found in 7ms (ActiveRecord: 2.9ms)


Started GET "/tweets/index" for 127.0.0.1 at 2017-05-04 21:48:44 +0900
Processing by TweetsController#index as HTML
  Rendering tweets/index.html.erb within layouts/application
  Rendered tweets/index.html.erb within layouts/application (0.5ms)
Completed 200 OK in 32ms (Views: 28.9ms | ActiveRecord: 0.0ms)


Started GET "/tweets/index" for 127.0.0.1 at 2017-05-04 21:52:09 +0900
Processing by TweetsController#index as HTML
  Rendering tweets/index.html.erb within layouts/application
  [1m[36mTweet Load (0.1ms)[0m  [1m[34mSELECT "tweets".* FROM "tweets"[0m
  Rendered tweets/index.html.erb within layouts/application (14.7ms)
Completed 200 OK in 59ms (Views: 52.2ms | ActiveRecord: 1.2ms)


